This file contains any messages produced by compilers while
running configure, to aid debugging if configure makes a mistake.

It was created by Mesa configure 7.5.2, which was
generated by GNU Autoconf 2.64.  Invocation command line was

  $ ./configure --with-osmesa-bits=8 --with-driver=osmesa --disable-egl --disable-shared --without-x --disable-glw --disable-glut --disable-driglx-direct --disable-gallium CFLAGS=-fno-stack-protector -fno-stack-protector-all -I/home/nick/chariot/usr.include

## --------- ##
## Platform. ##
## --------- ##

hostname = fenrir
uname -m = x86_64
uname -r = 5.8.4-arch1-1
uname -s = Linux
uname -v = #1 SMP PREEMPT Wed, 26 Aug 2020 18:35:43 +0000

/usr/bin/uname -p = unknown
/bin/uname -X     = unknown

/bin/arch              = unknown
/usr/bin/arch -k       = unknown
/usr/convex/getsysinfo = unknown
/usr/bin/hostinfo      = unknown
/bin/machine           = unknown
/usr/bin/oslevel       = unknown
/bin/universe          = unknown

PATH: /usr/local/opt/binutils/bin
PATH: /usr/local/opt/llvm/bin
PATH: /Users/nick/dotfiles/vim/plugged/fzf/bin
PATH: /home/nick/dotfiles/vim/plugged/fzf/bin
PATH: /home/nick/.bin
PATH: /home/nick/.local/bin
PATH: /home/nick/.bin
PATH: /home/nick/.local/bin
PATH: /usr/local/sbin
PATH: /usr/local/bin
PATH: /usr/bin
PATH: /usr/bin/site_perl
PATH: /usr/bin/vendor_perl
PATH: /usr/bin/core_perl


## ----------- ##
## Core tests. ##
## ----------- ##

configure:2390: checking build system type
configure:2404: result: x86_64-unknown-linux-gnu
configure:2424: checking host system type
configure:2437: result: x86_64-unknown-linux-gnu
configure:2509: checking for gcc
configure:2525: found /usr/bin/gcc
configure:2536: result: gcc
configure:2765: checking for C compiler version
configure:2774: gcc --version >&5
gcc (GCC) 10.2.0
Copyright (C) 2020 Free Software Foundation, Inc.
This is free software; see the source for copying conditions.  There is NO
warranty; not even for MERCHANTABILITY or FITNESS FOR A PARTICULAR PURPOSE.

configure:2785: $? = 0
configure:2774: gcc -v >&5
Using built-in specs.
COLLECT_GCC=gcc
COLLECT_LTO_WRAPPER=/usr/lib/gcc/x86_64-pc-linux-gnu/10.2.0/lto-wrapper
Target: x86_64-pc-linux-gnu
Configured with: /build/gcc/src/gcc/configure --prefix=/usr --libdir=/usr/lib --libexecdir=/usr/lib --mandir=/usr/share/man --infodir=/usr/share/info --with-bugurl=https://bugs.archlinux.org/ --enable-languages=c,c++,ada,fortran,go,lto,objc,obj-c++,d --with-isl --with-linker-hash-style=gnu --with-system-zlib --enable-__cxa_atexit --enable-cet=auto --enable-checking=release --enable-clocale=gnu --enable-default-pie --enable-default-ssp --enable-gnu-indirect-function --enable-gnu-unique-object --enable-install-libiberty --enable-linker-build-id --enable-lto --enable-multilib --enable-plugin --enable-shared --enable-threads=posix --disable-libssp --disable-libstdcxx-pch --disable-libunwind-exceptions --disable-werror gdc_include_dir=/usr/include/dlang/gdc
Thread model: posix
Supported LTO compression algorithms: zlib zstd
gcc version 10.2.0 (GCC) 
configure:2785: $? = 0
configure:2774: gcc -V >&5
gcc: error: unrecognized command-line option '-V'
gcc: fatal error: no input files
compilation terminated.
configure:2785: $? = 1
configure:2774: gcc -qversion >&5
gcc: error: unrecognized command-line option '-qversion'; did you mean '--version'?
gcc: fatal error: no input files
compilation terminated.
configure:2785: $? = 1
configure:2807: checking for C compiler default output file name
configure:2829: gcc -fno-stack-protector -fno-stack-protector-all -I/home/nick/chariot/usr.include   conftest.c  >&5
gcc: error: unrecognized command-line option '-fno-stack-protector-all'; did you mean '-fstack-protector-all'?
configure:2833: $? = 1
configure:2870: result: 
configure: failed program was:
| /* confdefs.h */
| #define PACKAGE_NAME "Mesa"
| #define PACKAGE_TARNAME "mesa"
| #define PACKAGE_VERSION "7.5.2"
| #define PACKAGE_STRING "Mesa 7.5.2"
| #define PACKAGE_BUGREPORT "https://bugs.freedesktop.org/enter_bug.cgi?product=Mesa"
| #define PACKAGE_URL ""
| /* end confdefs.h.  */
| #include <stdio.h>
| int
| main ()
| {
| FILE *f = fopen ("conftest.out", "w");
|  return ferror (f) || fclose (f) != 0;
| 
|   ;
|   return 0;
| }
configure:2876: error: in `/home/nick/dev/Mesa-7.5.2':
configure:2880: error: C compiler cannot create executables
See `config.log' for more details.

## ---------------- ##
## Cache variables. ##
## ---------------- ##

ac_cv_build=x86_64-unknown-linux-gnu
ac_cv_env_ARCH_FLAGS_set=
ac_cv_env_ARCH_FLAGS_value=
ac_cv_env_CCC_set=
ac_cv_env_CCC_value=
ac_cv_env_CC_set=
ac_cv_env_CC_value=
ac_cv_env_CFLAGS_set=set
ac_cv_env_CFLAGS_value='-fno-stack-protector -fno-stack-protector-all -I/home/nick/chariot/usr.include'
ac_cv_env_CPPFLAGS_set=
ac_cv_env_CPPFLAGS_value=
ac_cv_env_CPP_set=
ac_cv_env_CPP_value=
ac_cv_env_CXXFLAGS_set=
ac_cv_env_CXXFLAGS_value=
ac_cv_env_CXX_set=
ac_cv_env_CXX_value=
ac_cv_env_DRI2PROTO_CFLAGS_set=
ac_cv_env_DRI2PROTO_CFLAGS_value=
ac_cv_env_DRI2PROTO_LIBS_set=
ac_cv_env_DRI2PROTO_LIBS_value=
ac_cv_env_DRIGL_CFLAGS_set=
ac_cv_env_DRIGL_CFLAGS_value=
ac_cv_env_DRIGL_LIBS_set=
ac_cv_env_DRIGL_LIBS_value=
ac_cv_env_EGL_CFLAGS_set=
ac_cv_env_EGL_CFLAGS_value=
ac_cv_env_EGL_LIBS_set=
ac_cv_env_EGL_LIBS_value=
ac_cv_env_EXTRA_LIB_PATH_set=
ac_cv_env_EXTRA_LIB_PATH_value=
ac_cv_env_GLUT_CFLAGS_set=
ac_cv_env_GLUT_CFLAGS_value=
ac_cv_env_GLUT_LIBS_set=
ac_cv_env_GLUT_LIBS_value=
ac_cv_env_GLW_CFLAGS_set=
ac_cv_env_GLW_CFLAGS_value=
ac_cv_env_GLW_LIBS_set=
ac_cv_env_GLW_LIBS_value=
ac_cv_env_LDFLAGS_set=
ac_cv_env_LDFLAGS_value=
ac_cv_env_LIBDRM_CFLAGS_set=
ac_cv_env_LIBDRM_CFLAGS_value=
ac_cv_env_LIBDRM_LIBS_set=
ac_cv_env_LIBDRM_LIBS_value=
ac_cv_env_LIBS_set=
ac_cv_env_LIBS_value=
ac_cv_env_MKLIB_OPTIONS_set=
ac_cv_env_MKLIB_OPTIONS_value=
ac_cv_env_OPT_FLAGS_set=
ac_cv_env_OPT_FLAGS_value=
ac_cv_env_PIC_FLAGS_set=
ac_cv_env_PIC_FLAGS_value=
ac_cv_env_PKG_CONFIG_set=
ac_cv_env_PKG_CONFIG_value=
ac_cv_env_X11_INCLUDES_set=
ac_cv_env_X11_INCLUDES_value=
ac_cv_env_XCB_CFLAGS_set=
ac_cv_env_XCB_CFLAGS_value=
ac_cv_env_XCB_LIBS_set=
ac_cv_env_XCB_LIBS_value=
ac_cv_env_XLIBGL_CFLAGS_set=
ac_cv_env_XLIBGL_CFLAGS_value=
ac_cv_env_XLIBGL_LIBS_set=
ac_cv_env_XLIBGL_LIBS_value=
ac_cv_env_XMKMF_set=
ac_cv_env_XMKMF_value=
ac_cv_env_build_alias_set=
ac_cv_env_build_alias_value=
ac_cv_env_host_alias_set=
ac_cv_env_host_alias_value=
ac_cv_env_target_alias_set=
ac_cv_env_target_alias_value=
ac_cv_host=x86_64-unknown-linux-gnu
ac_cv_prog_ac_ct_CC=gcc

## ----------------- ##
## Output variables. ##
## ----------------- ##

APP_LIB_DEPS=''
ARCH_FLAGS=''
ASM_FLAGS=''
CC='gcc'
CFLAGS='-fno-stack-protector -fno-stack-protector-all -I/home/nick/chariot/usr.include'
CPP=''
CPPFLAGS=''
CXX=''
CXXFLAGS=''
DEFINES=''
DEFS=''
DRI2PROTO_CFLAGS=''
DRI2PROTO_LIBS=''
DRIGL_CFLAGS=''
DRIGL_LIBS=''
DRIVER_DIRS=''
DRI_DIRS=''
DRI_DRIVER_INSTALL_DIR=''
DRI_LIB_DEPS=''
DRI_PC_REQ_PRIV=''
ECHO_C=''
ECHO_N='-n'
ECHO_T=''
EGL_CFLAGS=''
EGL_LIBS=''
EGL_LIB_DEPS=''
EGREP=''
EXEEXT=''
EXPAT_INCLUDES=''
EXTRA_LIB_PATH=''
GALLIUM_AUXILIARY_DIRS=''
GALLIUM_DIRS=''
GALLIUM_DRIVERS_DIRS=''
GALLIUM_STATE_TRACKERS_DIRS=''
GALLIUM_WINSYS_DIRS=''
GALLIUM_WINSYS_DRM_DIRS=''
GLAPI_ASM_SOURCES=''
GLUT_CFLAGS=''
GLUT_LIBS=''
GLUT_LIB_DEPS=''
GLUT_LIB_GLOB=''
GLUT_LIB_NAME=''
GLUT_MESA_DEPS=''
GLUT_PC_CFLAGS=''
GLUT_PC_LIB_PRIV=''
GLUT_PC_REQ_PRIV=''
GLU_DIRS=''
GLU_LIB_DEPS=''
GLU_LIB_GLOB=''
GLU_LIB_NAME=''
GLU_MESA_DEPS=''
GLU_PC_CFLAGS=''
GLU_PC_LIB_PRIV=''
GLU_PC_REQ=''
GLU_PC_REQ_PRIV=''
GLW_CFLAGS=''
GLW_LIBS=''
GLW_LIB_DEPS=''
GLW_LIB_GLOB=''
GLW_LIB_NAME=''
GLW_MESA_DEPS=''
GLW_PC_CFLAGS=''
GLW_PC_LIB_PRIV=''
GLW_PC_REQ_PRIV=''
GLW_SOURCES=''
GL_LIB_DEPS=''
GL_LIB_GLOB=''
GL_LIB_NAME=''
GL_PC_CFLAGS=''
GL_PC_LIB_PRIV=''
GL_PC_REQ_PRIV=''
GREP=''
LDFLAGS=''
LIBDRM_CFLAGS=''
LIBDRM_LIBS=''
LIBOBJS=''
LIBS=''
LIB_DIR=''
LTLIBOBJS=''
MAKE=''
MESA_ASM_SOURCES=''
MKDEP=''
MKDEP_OPTIONS=''
MKLIB_OPTIONS=''
MOTIF_CFLAGS=''
MOTIF_CONFIG=''
OBJEXT=''
OPT_FLAGS=''
OSMESA_LIB=''
OSMESA_LIB_DEPS=''
OSMESA_LIB_GLOB=''
OSMESA_LIB_NAME=''
OSMESA_MESA_DEPS=''
OSMESA_PC_LIB_PRIV=''
OSMESA_PC_REQ=''
PACKAGE_BUGREPORT='https://bugs.freedesktop.org/enter_bug.cgi?product=Mesa'
PACKAGE_NAME='Mesa'
PACKAGE_STRING='Mesa 7.5.2'
PACKAGE_TARNAME='mesa'
PACKAGE_URL=''
PACKAGE_VERSION='7.5.2'
PATH_SEPARATOR=':'
PIC_FLAGS=''
PKG_CONFIG=''
POSIX_SHELL=''
PROGRAM_DIRS=''
SED=''
SHELL='/bin/sh'
SRC_DIRS=''
USING_EGL=''
WINDOW_SYSTEM=''
X11_INCLUDES=''
XCB_CFLAGS=''
XCB_LIBS=''
XLIBGL_CFLAGS=''
XLIBGL_LIBS=''
XMKMF=''
XORG_DRIVER_INSTALL_DIR=''
X_CFLAGS=''
X_EXTRA_LIBS=''
X_LIBS=''
X_PRE_LIBS=''
ac_ct_CC='gcc'
ac_ct_CXX=''
bindir='${exec_prefix}/bin'
build='x86_64-unknown-linux-gnu'
build_alias=''
build_cpu='x86_64'
build_os='linux-gnu'
build_vendor='unknown'
datadir='${datarootdir}'
datarootdir='${prefix}/share'
docdir='${datarootdir}/doc/${PACKAGE_TARNAME}'
dvidir='${docdir}'
exec_prefix='NONE'
host='x86_64-unknown-linux-gnu'
host_alias=''
host_cpu='x86_64'
host_os='linux-gnu'
host_vendor='unknown'
htmldir='${docdir}'
includedir='${prefix}/include'
infodir='${datarootdir}/info'
libdir='${exec_prefix}/lib'
libexecdir='${exec_prefix}/libexec'
localedir='${datarootdir}/locale'
localstatedir='${prefix}/var'
mandir='${datarootdir}/man'
oldincludedir='/usr/include'
pdfdir='${docdir}'
prefix='NONE'
program_transform_name='s,x,x,'
psdir='${docdir}'
sbindir='${exec_prefix}/sbin'
sharedstatedir='${prefix}/com'
sysconfdir='${prefix}/etc'
target_alias=''

## ----------- ##
## confdefs.h. ##
## ----------- ##

/* confdefs.h */
#define PACKAGE_NAME "Mesa"
#define PACKAGE_TARNAME "mesa"
#define PACKAGE_VERSION "7.5.2"
#define PACKAGE_STRING "Mesa 7.5.2"
#define PACKAGE_BUGREPORT "https://bugs.freedesktop.org/enter_bug.cgi?product=Mesa"
#define PACKAGE_URL ""

configure: exit 77
